Library/Bee/Android/Prj/Mono2x/Gradle/launcher/build/intermediates/manifest_merge_blame_file/release/manifest-merger-blame-release-report.txt
1<?xml version="1.0" encoding="utf-8"?>
2<manifest xmlns:android="http://schemas.android.com/apk/res/android"
3    package="com.ludo.boomly"
4    android:installLocation="auto"
5    android:versionCode="1"
6    android:versionName="1" >
7
8    <uses-sdk
9        android:minSdkVersion="22"
9-->src\main\AndroidManifest.xml
10        android:targetSdkVersion="30" />
10-->src\main\AndroidManifest.xml
11
12    <supports-screens
12-->src\main\AndroidManifest.xml:3:3-163
13        android:anyDensity="true"
13-->src\main\AndroidManifest.xml:3:135-160
14        android:largeScreens="true"
14-->src\main\AndroidManifest.xml:3:78-105
15        android:normalScreens="true"
15-->src\main\AndroidManifest.xml:3:49-77
16        android:smallScreens="true"
16-->src\main\AndroidManifest.xml:3:21-48
17        android:xlargeScreens="true" />
17-->src\main\AndroidManifest.xml:3:106-134
18
19    <uses-feature android:glEsVersion="0x00030000" />
19-->[:unityLibrary] AndroidManifest.xml:12:5-54
19-->[:unityLibrary] AndroidManifest.xml:12:19-51
20    <uses-feature
20-->[:unityLibrary] AndroidManifest.xml:13:5-15:36
21        android:name="android.hardware.vulkan.version"
21-->[:unityLibrary] AndroidManifest.xml:14:9-55
22        android:required="false" />
22-->[:unityLibrary] AndroidManifest.xml:15:9-33
23
24    <uses-permission android:name="android.permission.INTERNET" />
24-->[:unityLibrary] AndroidManifest.xml:17:5-67
24-->[:unityLibrary] AndroidManifest.xml:17:22-64
25    <uses-permission android:name="android.permission.VIBRATE" />
25-->[:unityLibrary] AndroidManifest.xml:18:5-66
25-->[:unityLibrary] AndroidManifest.xml:18:22-63
26    <uses-permission android:name="android.permission.ACCESS_NETWORK_STATE" />
26-->[:unityLibrary] AndroidManifest.xml:19:5-79
26-->[:unityLibrary] AndroidManifest.xml:19:22-76
27
28    <uses-feature
28-->[:unityLibrary] AndroidManifest.xml:21:5-23:36
29        android:name="android.hardware.touchscreen"
29-->[:unityLibrary] AndroidManifest.xml:22:9-52
30        android:required="false" />
30-->[:unityLibrary] AndroidManifest.xml:23:9-33
31    <uses-feature
31-->[:unityLibrary] AndroidManifest.xml:24:5-26:36
32        android:name="android.hardware.touchscreen.multitouch"
32-->[:unityLibrary] AndroidManifest.xml:25:9-63
33        android:required="false" />
33-->[:unityLibrary] AndroidManifest.xml:26:9-33
34    <uses-feature
34-->[:unityLibrary] AndroidManifest.xml:27:5-29:36
35        android:name="android.hardware.touchscreen.multitouch.distinct"
35-->[:unityLibrary] AndroidManifest.xml:28:9-72
36        android:required="false" />
36-->[:unityLibrary] AndroidManifest.xml:29:9-33
37
38    <uses-permission android:name="android.permission.WAKE_LOCK" /> <!-- Required by older versions of Google Play services to create IID tokens -->
38-->[com.google.firebase:firebase-iid:21.1.0] AndroidManifest.xml:24:5-68
38-->[com.google.firebase:firebase-iid:21.1.0] AndroidManifest.xml:24:22-65
39    <uses-permission android:name="com.google.android.c2dm.permission.RECEIVE" />
39-->[com.google.firebase:firebase-iid:21.1.0] AndroidManifest.xml:26:5-82
39-->[com.google.firebase:firebase-iid:21.1.0] AndroidManifest.xml:26:22-79
40
41    <permission
41-->[com.google.firebase:firebase-messaging-unity:8.6.2] AndroidManifest.xml:11:3-13:45
42        android:name="com.ludo.boomly.permission.C2D_MESSAGE"
42-->[com.google.firebase:firebase-messaging-unity:8.6.2] AndroidManifest.xml:12:7-61
43        android:protectionLevel="signature" />
43-->[com.google.firebase:firebase-messaging-unity:8.6.2] AndroidManifest.xml:13:7-42
44
45    <uses-permission android:name="com.ludo.boomly.permission.C2D_MESSAGE" />
45-->[com.google.firebase:firebase-messaging-unity:8.6.2] AndroidManifest.xml:14:3-15:64
45-->[com.google.firebase:firebase-messaging-unity:8.6.2] AndroidManifest.xml:15:7-61
46
47    <uses-feature
47-->[:NativeCamera:] AndroidManifest.xml:12:2-82
48        android:name="android.hardware.camera"
48-->[:NativeCamera:] AndroidManifest.xml:12:16-54
49        android:required="false" />
49-->[:NativeCamera:] AndroidManifest.xml:12:55-79
50
51    <uses-permission android:name="android.permission.READ_EXTERNAL_STORAGE" />
51-->[:NativeCamera:] AndroidManifest.xml:13:2-77
51-->[:NativeCamera:] AndroidManifest.xml:13:19-74
52    <uses-permission android:name="android.permission.WRITE_EXTERNAL_STORAGE" />
52-->[:NativeCamera:] AndroidManifest.xml:14:5-81
52-->[:NativeCamera:] AndroidManifest.xml:14:22-78
53    <uses-permission android:name="com.google.android.finsky.permission.BIND_GET_INSTALL_REFERRER_SERVICE" />
53-->[com.google.android.gms:play-services-measurement:19.0.0] AndroidManifest.xml:26:5-110
53-->[com.google.android.gms:play-services-measurement:19.0.0] AndroidManifest.xml:26:22-107
54
55    <application
55-->src\main\AndroidManifest.xml:4:3-126
56        android:appComponentFactory="androidx.core.app.CoreComponentFactory"
56-->[androidx.core:core:1.2.0] AndroidManifest.xml:24:18-86
57        android:extractNativeLibs="true"
57-->[:unityLibrary] AndroidManifest.xml:32:9-41
58        android:icon="@mipmap/app_icon"
58-->src\main\AndroidManifest.xml:4:49-80
59        android:label="@string/app_name"
59-->src\main\AndroidManifest.xml:4:16-48
60        android:roundIcon="@mipmap/app_icon_round" >
60-->src\main\AndroidManifest.xml:4:81-123
61        <!--
62         The MessagingUnityPlayerActivity is a class that extends
63         UnityPlayerActivity to work around a known issue when receiving
64         notification data payloads in the background.
65        -->
66        <activity
66-->[:unityLibrary] AndroidManifest.xml:41:9-60:20
67            android:name="com.google.firebase.MessagingUnityPlayerActivity"
67-->[:unityLibrary] AndroidManifest.xml:42:13-76
68            android:configChanges="mcc|mnc|locale|touchscreen|keyboard|keyboardHidden|navigation|orientation|screenLayout|uiMode|screenSize|smallestScreenSize|fontScale|layoutDirection|density"
68-->[:unityLibrary] AndroidManifest.xml:43:13-194
69            android:hardwareAccelerated="false"
69-->[:unityLibrary] AndroidManifest.xml:44:13-48
70            android:launchMode="singleTask"
70-->[:unityLibrary] AndroidManifest.xml:45:13-44
71            android:resizeableActivity="false"
71-->[:unityLibrary] AndroidManifest.xml:46:13-47
72            android:screenOrientation="fullUser" >
72-->[:unityLibrary] AndroidManifest.xml:47:13-49
73            <intent-filter>
73-->[:unityLibrary] AndroidManifest.xml:48:13-52:29
74                <action android:name="android.intent.action.MAIN" />
74-->[:unityLibrary] AndroidManifest.xml:49:17-69
74-->[:unityLibrary] AndroidManifest.xml:49:25-66
75
76                <category android:name="android.intent.category.LAUNCHER" />
76-->[:unityLibrary] AndroidManifest.xml:51:17-77
76-->[:unityLibrary] AndroidManifest.xml:51:27-74
77            </intent-filter>
78
79            <meta-data
79-->[:unityLibrary] AndroidManifest.xml:54:13-56:40
80                android:name="unityplayer.UnityActivity"
80-->[:unityLibrary] AndroidManifest.xml:55:17-57
81                android:value="true" />
81-->[:unityLibrary] AndroidManifest.xml:56:17-37
82            <meta-data
82-->[:unityLibrary] AndroidManifest.xml:57:13-59:40
83                android:name="android.notch_support"
83-->[:unityLibrary] AndroidManifest.xml:58:17-53
84                android:value="true" />
84-->[:unityLibrary] AndroidManifest.xml:59:17-37
85        </activity>
86
87        <service
87-->[:unityLibrary] AndroidManifest.xml:62:9-66:19
88            android:name="com.google.firebase.messaging.MessageForwardingService"
88-->[:unityLibrary] AndroidManifest.xml:63:13-82
89            android:exported="false"
89-->[:unityLibrary] AndroidManifest.xml:64:13-37
90            android:permission="android.permission.BIND_JOB_SERVICE" >
90-->[:unityLibrary] AndroidManifest.xml:65:13-69
91        </service>
92
93        <meta-data
93-->[:unityLibrary] AndroidManifest.xml:68:9-70:33
94            android:name="unity.splash-mode"
94-->[:unityLibrary] AndroidManifest.xml:69:13-45
95            android:value="0" />
95-->[:unityLibrary] AndroidManifest.xml:70:13-30
96        <meta-data
96-->[:unityLibrary] AndroidManifest.xml:71:9-73:36
97            android:name="unity.splash-enable"
97-->[:unityLibrary] AndroidManifest.xml:72:13-47
98            android:value="True" />
98-->[:unityLibrary] AndroidManifest.xml:73:13-33
99        <meta-data
99-->[:unityLibrary] AndroidManifest.xml:74:9-76:36
100            android:name="unity.launch-fullscreen"
100-->[:unityLibrary] AndroidManifest.xml:75:13-51
101            android:value="True" />
101-->[:unityLibrary] AndroidManifest.xml:76:13-33
102        <meta-data
102-->[:unityLibrary] AndroidManifest.xml:77:9-79:37
103            android:name="unity.allow-resizable-window"
103-->[:unityLibrary] AndroidManifest.xml:78:13-56
104            android:value="False" />
104-->[:unityLibrary] AndroidManifest.xml:79:13-34
105        <meta-data
105-->[:unityLibrary] AndroidManifest.xml:80:9-82:50
106            android:name="notch.config"
106-->[:unityLibrary] AndroidManifest.xml:81:13-40
107            android:value="portrait|landscape" />
107-->[:unityLibrary] AndroidManifest.xml:82:13-47
108        <meta-data
108-->[:unityLibrary] AndroidManifest.xml:83:9-85:36
109            android:name="unity.auto-report-fully-drawn"
109-->[:unityLibrary] AndroidManifest.xml:84:13-57
110            android:value="true" />
110-->[:unityLibrary] AndroidManifest.xml:85:13-33
111
112        <activity
112-->[com.google.android.gms:play-services-auth:16.0.1] AndroidManifest.xml:23:9-27:75
113            android:name="com.google.android.gms.auth.api.signin.internal.SignInHubActivity"
113-->[com.google.android.gms:play-services-auth:16.0.1] AndroidManifest.xml:24:13-93
114            android:excludeFromRecents="true"
114-->[com.google.android.gms:play-services-auth:16.0.1] AndroidManifest.xml:25:13-46
115            android:exported="false"
115-->[com.google.android.gms:play-services-auth:16.0.1] AndroidManifest.xml:26:13-37
116            android:theme="@android:style/Theme.Translucent.NoTitleBar" />
116-->[com.google.android.gms:play-services-auth:16.0.1] AndroidManifest.xml:27:13-72
117        <!--
118            Service handling Google Sign-In user revocation. For apps that do not integrate with
119            Google Sign-In, this service will never be started.
120        -->
121        <service
121-->[com.google.android.gms:play-services-auth:16.0.1] AndroidManifest.xml:33:9-36:110
122            android:name="com.google.android.gms.auth.api.signin.RevocationBoundService"
122-->[com.google.android.gms:play-services-auth:16.0.1] AndroidManifest.xml:34:13-89
123            android:exported="true"
123-->[com.google.android.gms:play-services-auth:16.0.1] AndroidManifest.xml:35:13-36
124            android:permission="com.google.android.gms.auth.api.signin.permission.REVOCATION_NOTIFICATION" />
124-->[com.google.android.gms:play-services-auth:16.0.1] AndroidManifest.xml:36:13-107
125
126        <activity
126-->[com.google.android.gms:play-services-base:17.6.0] AndroidManifest.xml:23:9-26:75
127            android:name="com.google.android.gms.common.api.GoogleApiActivity"
127-->[com.google.android.gms:play-services-base:17.6.0] AndroidManifest.xml:24:13-79
128            android:exported="false"
128-->[com.google.android.gms:play-services-base:17.6.0] AndroidManifest.xml:25:13-37
129            android:theme="@android:style/Theme.Translucent.NoTitleBar" />
129-->[com.google.android.gms:play-services-base:17.6.0] AndroidManifest.xml:26:13-72
130
131        <service
131-->[com.google.firebase:firebase-iid:21.1.0] AndroidManifest.xml:29:9-35:19
132            android:name="com.google.firebase.components.ComponentDiscoveryService"
132-->[com.google.firebase:firebase-iid:21.1.0] AndroidManifest.xml:30:13-84
133            android:directBootAware="true"
133-->[com.google.firebase:firebase-common:20.0.0] AndroidManifest.xml:35:13-43
134            android:exported="false" >
134-->[com.google.firebase:firebase-iid:21.1.0] AndroidManifest.xml:31:13-37
135            <meta-data
135-->[com.google.firebase:firebase-iid:21.1.0] AndroidManifest.xml:32:13-34:85
136                android:name="com.google.firebase.components:com.google.firebase.iid.Registrar"
136-->[com.google.firebase:firebase-iid:21.1.0] AndroidManifest.xml:33:17-96
137                android:value="com.google.firebase.components.ComponentRegistrar" />
137-->[com.google.firebase:firebase-iid:21.1.0] AndroidManifest.xml:34:17-82
138            <meta-data
138-->[com.google.firebase:firebase-messaging:22.0.0] AndroidManifest.xml:52:13-54:85
139                android:name="com.google.firebase.components:com.google.firebase.messaging.FirebaseMessagingRegistrar"
139-->[com.google.firebase:firebase-messaging:22.0.0] AndroidManifest.xml:53:17-119
140                android:value="com.google.firebase.components.ComponentRegistrar" />
140-->[com.google.firebase:firebase-messaging:22.0.0] AndroidManifest.xml:54:17-82
141            <meta-data
141-->[com.google.android.gms:play-services-measurement-api:19.0.0] AndroidManifest.xml:30:13-32:85
142                android:name="com.google.firebase.components:com.google.firebase.analytics.connector.internal.AnalyticsConnectorRegistrar"
142-->[com.google.android.gms:play-services-measurement-api:19.0.0] AndroidManifest.xml:31:17-139
143                android:value="com.google.firebase.components.ComponentRegistrar" />
143-->[com.google.android.gms:play-services-measurement-api:19.0.0] AndroidManifest.xml:32:17-82
144            <meta-data
144-->[com.google.firebase:firebase-installations:17.0.0] AndroidManifest.xml:18:13-20:85
145                android:name="com.google.firebase.components:com.google.firebase.installations.FirebaseInstallationsRegistrar"
145-->[com.google.firebase:firebase-installations:17.0.0] AndroidManifest.xml:19:17-127
146                android:value="com.google.firebase.components.ComponentRegistrar" />
146-->[com.google.firebase:firebase-installations:17.0.0] AndroidManifest.xml:20:17-82
147            <meta-data
147-->[com.google.firebase:firebase-datatransport:18.0.0] AndroidManifest.xml:28:13-30:85
148                android:name="com.google.firebase.components:com.google.firebase.datatransport.TransportRegistrar"
148-->[com.google.firebase:firebase-datatransport:18.0.0] AndroidManifest.xml:29:17-115
149                android:value="com.google.firebase.components.ComponentRegistrar" />
149-->[com.google.firebase:firebase-datatransport:18.0.0] AndroidManifest.xml:30:17-82
150        </service>
151
152        <receiver
152-->[com.google.firebase:firebase-messaging:22.0.0] AndroidManifest.xml:28:9-35:20
153            android:name="com.google.firebase.iid.FirebaseInstanceIdReceiver"
153-->[com.google.firebase:firebase-messaging:22.0.0] AndroidManifest.xml:29:13-78
154            android:exported="true"
154-->[com.google.firebase:firebase-messaging:22.0.0] AndroidManifest.xml:30:13-36
155            android:permission="com.google.android.c2dm.permission.SEND" >
155-->[com.google.firebase:firebase-messaging:22.0.0] AndroidManifest.xml:31:13-73
156            <intent-filter>
156-->[com.google.firebase:firebase-messaging:22.0.0] AndroidManifest.xml:32:13-34:29
157                <action android:name="com.google.android.c2dm.intent.RECEIVE" />
157-->[com.google.firebase:firebase-messaging:22.0.0] AndroidManifest.xml:33:17-81
157-->[com.google.firebase:firebase-messaging:22.0.0] AndroidManifest.xml:33:25-78
158            </intent-filter>
159        </receiver>
160        <!--
161             FirebaseMessagingService performs security checks at runtime,
162             but set to not exported to explicitly avoid allowing another app to call it.
163        -->
164        <service
164-->[com.google.firebase:firebase-messaging:22.0.0] AndroidManifest.xml:41:9-48:19
165            android:name="com.google.firebase.messaging.FirebaseMessagingService"
165-->[com.google.firebase:firebase-messaging:22.0.0] AndroidManifest.xml:42:13-82
166            android:directBootAware="true"
166-->[com.google.firebase:firebase-messaging:22.0.0] AndroidManifest.xml:43:13-43
167            android:exported="false" >
167-->[com.google.firebase:firebase-messaging:22.0.0] AndroidManifest.xml:44:13-37
168            <intent-filter android:priority="-500" >
168-->[com.google.firebase:firebase-messaging:22.0.0] AndroidManifest.xml:45:13-47:29
168-->[com.google.firebase:firebase-messaging:22.0.0] AndroidManifest.xml:45:28-51
169                <action android:name="com.google.firebase.MESSAGING_EVENT" />
169-->[com.google.firebase:firebase-messaging:22.0.0] AndroidManifest.xml:46:17-78
169-->[com.google.firebase:firebase-messaging:22.0.0] AndroidManifest.xml:46:25-75
170            </intent-filter>
171        </service>
172
173        <provider
173-->[com.google.firebase:firebase-common:20.0.0] AndroidManifest.xml:26:9-31:39
174            android:name="com.google.firebase.provider.FirebaseInitProvider"
174-->[com.google.firebase:firebase-common:20.0.0] AndroidManifest.xml:27:13-77
175            android:authorities="com.ludo.boomly.firebaseinitprovider"
175-->[com.google.firebase:firebase-common:20.0.0] AndroidManifest.xml:28:13-72
176            android:directBootAware="true"
176-->[com.google.firebase:firebase-common:20.0.0] AndroidManifest.xml:29:13-43
177            android:exported="false"
177-->[com.google.firebase:firebase-common:20.0.0] AndroidManifest.xml:30:13-37
178            android:initOrder="100" />
178-->[com.google.firebase:firebase-common:20.0.0] AndroidManifest.xml:31:13-36
179
180        <service
180-->[com.google.firebase:firebase-messaging-unity:8.6.2] AndroidManifest.xml:18:5-23:15
181            android:name="com.google.firebase.messaging.cpp.ListenerService"
181-->[com.google.firebase:firebase-messaging-unity:8.6.2] AndroidManifest.xml:18:14-78
182            android:exported="false" >
182-->[com.google.firebase:firebase-messaging-unity:8.6.2] AndroidManifest.xml:19:14-38
183            <intent-filter>
183-->[com.google.firebase:firebase-messaging:22.0.0] AndroidManifest.xml:45:13-47:29
184                <action android:name="com.google.firebase.MESSAGING_EVENT" />
184-->[com.google.firebase:firebase-messaging:22.0.0] AndroidManifest.xml:46:17-78
184-->[com.google.firebase:firebase-messaging:22.0.0] AndroidManifest.xml:46:25-75
185            </intent-filter>
186        </service>
187        <service
187-->[com.google.firebase:firebase-messaging-unity:8.6.2] AndroidManifest.xml:25:5-27:15
188            android:name="com.google.firebase.messaging.cpp.RegistrationIntentService"
188-->[com.google.firebase:firebase-messaging-unity:8.6.2] AndroidManifest.xml:25:14-88
189            android:exported="false" >
189-->[com.google.firebase:firebase-messaging-unity:8.6.2] AndroidManifest.xml:26:14-38
190        </service>
191
192        <provider
192-->[:NativeCamera:] AndroidManifest.xml:4:3-8:42
193            android:name="com.yasirkula.unity.NativeCameraContentProvider"
193-->[:NativeCamera:] AndroidManifest.xml:5:5-67
194            android:authorities="com.ludo.boomly.NativeCameraContentProvider"
194-->[:NativeCamera:] AndroidManifest.xml:6:5-71
195            android:exported="false"
195-->[:NativeCamera:] AndroidManifest.xml:7:5-29
196            android:grantUriPermissions="true" />
196-->[:NativeCamera:] AndroidManifest.xml:8:5-39
197
198        <receiver
198-->[com.google.android.gms:play-services-measurement:19.0.0] AndroidManifest.xml:29:9-33:20
199            android:name="com.google.android.gms.measurement.AppMeasurementReceiver"
199-->[com.google.android.gms:play-services-measurement:19.0.0] AndroidManifest.xml:30:13-85
200            android:enabled="true"
200-->[com.google.android.gms:play-services-measurement:19.0.0] AndroidManifest.xml:31:13-35
201            android:exported="false" >
201-->[com.google.android.gms:play-services-measurement:19.0.0] AndroidManifest.xml:32:13-37
202        </receiver>
203
204        <service
204-->[com.google.android.gms:play-services-measurement:19.0.0] AndroidManifest.xml:35:9-38:40
205            android:name="com.google.android.gms.measurement.AppMeasurementService"
205-->[com.google.android.gms:play-services-measurement:19.0.0] AndroidManifest.xml:36:13-84
206            android:enabled="true"
206-->[com.google.android.gms:play-services-measurement:19.0.0] AndroidManifest.xml:37:13-35
207            android:exported="false" />
207-->[com.google.android.gms:play-services-measurement:19.0.0] AndroidManifest.xml:38:13-37
208        <service
208-->[com.google.android.gms:play-services-measurement:19.0.0] AndroidManifest.xml:39:9-43:72
209            android:name="com.google.android.gms.measurement.AppMeasurementJobService"
209-->[com.google.android.gms:play-services-measurement:19.0.0] AndroidManifest.xml:40:13-87
210            android:enabled="true"
210-->[com.google.android.gms:play-services-measurement:19.0.0] AndroidManifest.xml:41:13-35
211            android:exported="false"
211-->[com.google.android.gms:play-services-measurement:19.0.0] AndroidManifest.xml:42:13-37
212            android:permission="android.permission.BIND_JOB_SERVICE" />
212-->[com.google.android.gms:play-services-measurement:19.0.0] AndroidManifest.xml:43:13-69
213
214        <meta-data
214-->[com.google.android.gms:play-services-basement:17.6.0] AndroidManifest.xml:23:9-25:69
215            android:name="com.google.android.gms.version"
215-->[com.google.android.gms:play-services-basement:17.6.0] AndroidManifest.xml:24:13-58
216            android:value="@integer/google_play_services_version" />
216-->[com.google.android.gms:play-services-basement:17.6.0] AndroidManifest.xml:25:13-66
217
218        <service
218-->[com.google.android.datatransport:transport-backend-cct:3.0.0] AndroidManifest.xml:29:9-35:19
219            android:name="com.google.android.datatransport.runtime.backends.TransportBackendDiscovery"
219-->[com.google.android.datatransport:transport-backend-cct:3.0.0] AndroidManifest.xml:30:13-103
220            android:exported="false" >
220-->[com.google.android.datatransport:transport-backend-cct:3.0.0] AndroidManifest.xml:31:13-37
221            <meta-data
221-->[com.google.android.datatransport:transport-backend-cct:3.0.0] AndroidManifest.xml:32:13-34:39
222                android:name="backend:com.google.android.datatransport.cct.CctBackendFactory"
222-->[com.google.android.datatransport:transport-backend-cct:3.0.0] AndroidManifest.xml:33:17-94
223                android:value="cct" />
223-->[com.google.android.datatransport:transport-backend-cct:3.0.0] AndroidManifest.xml:34:17-36
224        </service>
225        <service
225-->[com.google.android.datatransport:transport-runtime:3.0.0] AndroidManifest.xml:26:9-30:19
226            android:name="com.google.android.datatransport.runtime.scheduling.jobscheduling.JobInfoSchedulerService"
226-->[com.google.android.datatransport:transport-runtime:3.0.0] AndroidManifest.xml:27:13-117
227            android:exported="false"
227-->[com.google.android.datatransport:transport-runtime:3.0.0] AndroidManifest.xml:28:13-37
228            android:permission="android.permission.BIND_JOB_SERVICE" >
228-->[com.google.android.datatransport:transport-runtime:3.0.0] AndroidManifest.xml:29:13-69
229        </service>
230
231        <receiver
231-->[com.google.android.datatransport:transport-runtime:3.0.0] AndroidManifest.xml:32:9-34:40
232            android:name="com.google.android.datatransport.runtime.scheduling.jobscheduling.AlarmManagerSchedulerBroadcastReceiver"
232-->[com.google.android.datatransport:transport-runtime:3.0.0] AndroidManifest.xml:33:13-132
233            android:exported="false" />
233-->[com.google.android.datatransport:transport-runtime:3.0.0] AndroidManifest.xml:34:13-37
234    </application>
235
236</manifest>